This is XeTeX, Version 3.14159265-2.6-0.99991 (TeX Live 2014) (preloaded format=xelatex 2015.1.5)  5 JAN 2015 22:39
entering extended mode
 restricted \write18 enabled.
 %&-line parsing enabled.
**template.tex
(./template.tex
LaTeX2e <2014/05/01>
Babel <3.9k> and hyphenation patterns for 21 languages loaded.

! LaTeX Error: File `moderncv.cls' not found.

Type X to quit or <RETURN> to proceed,
or enter new name. (Default extension: cls)

Enter file name: 
! Emergency stop.
<read *> 
         
l.10 ^^M
        
End of file on the terminal!

 
Here is how much of TeX's memory you used:
 9 strings out of 495177
 107 string characters out of 6175608
 47323 words of memory out of 5000000
 3350 multiletter control sequences out of 15000+600000
 3640 words of font info for 14 fonts, out of 8000000 for 9000
 319 hyphenation exceptions out of 8191
 10i,0n,7p,265b,8s stack positions out of 5000i,500n,10000p,200000b,80000s
No pages of output.
